<?xml version="1.0" encoding="UTF-8"?>
<!-- Generated by org.testng.reporters.JUnitXMLReporter -->
<testsuite ignored="0" hostname="DESKTOP-NIB4TL4" failures="0" tests="1" name="chromeTest" time="30.526" errors="0" timestamp="2022-06-26T22:45:21 IST">
  <testcase classname="testNGcrossBrowser.TestNGCrossBrowseMain" name="@BeforeMethod loginToKiteApp" time="5.154">
    <failure type="org.openqa.selenium.NoSuchElementException" message="Unable to find element with locator By.id: pin
For documentation on this error, please visit: https://selenium.dev/exceptions/#no_such_element
Build info: version: &amp;apos;4.1.3&amp;apos;, revision: &amp;apos;7b1ebf28ef&amp;apos;
System info: host: &amp;apos;DESKTOP-NIB4TL4&amp;apos;, ip: &amp;apos;192.168.138.153&amp;apos;, os.name: &amp;apos;Windows 10&amp;apos;, os.arch: &amp;apos;amd64&amp;apos;, os.version: &amp;apos;10.0&amp;apos;, java.version: &amp;apos;11.0.12&amp;apos;
Driver info: driver.version: RemoteWebDriver">
      <![CDATA[org.openqa.selenium.NoSuchElementException: Unable to find element with locator By.id: pin
For documentation on this error, please visit: https://selenium.dev/exceptions/#no_such_element
Build info: version: '4.1.3', revision: '7b1ebf28ef'
System info: host: 'DESKTOP-NIB4TL4', ip: '192.168.138.153', os.name: 'Windows 10', os.arch: 'amd64', os.version: '10.0', java.version: '11.0.12'
Driver info: driver.version: RemoteWebDriver
at org.openqa.selenium.remote.ElementLocation$ElementFinder$2.findElement(ElementLocation.java:165)
at org.openqa.selenium.remote.ElementLocation.findElement(ElementLocation.java:60)
at org.openqa.selenium.remote.RemoteWebDriver.findElement(RemoteWebDriver.java:385)
at org.openqa.selenium.remote.RemoteWebDriver.findElement(RemoteWebDriver.java:377)
at org.openqa.selenium.support.pagefactory.DefaultElementLocator.findElement(DefaultElementLocator.java:70)
at org.openqa.selenium.support.pagefactory.internal.LocatingElementHandler.invoke(LocatingElementHandler.java:39)
at com.sun.proxy.$Proxy19.sendKeys(Unknown Source)
at frameWorkWithParameterization.PinPage1.SendPin1(PinPage1.java:21)
at testNGcrossBrowser.TestNGCrossBrowseMain.loginToKiteApp(TestNGCrossBrowseMain.java:67)
at java.base/java.util.ArrayList.forEach(ArrayList.java:1541)
... Removed 31 stack frames]]>
    </failure>
  </testcase> <!-- @BeforeMethod loginToKiteApp -->
  <testcase classname="testNGcrossBrowser.TestNGCrossBrowseMain" name="@AfterMethod logout" time="-1.65626372147E9">
    <skipped/>
  </testcase> <!-- @AfterMethod logout -->
  <testcase classname="testNGcrossBrowser.TestNGCrossBrowseMain" name="@AfterClass closeBrower" time="-1.656263721478E9">
    <skipped/>
  </testcase> <!-- @AfterClass closeBrower -->
  <testcase classname="testNGcrossBrowser.TestNGCrossBrowseMain" name="validationNG" time="0.0">
    <skipped/>
  </testcase> <!-- validationNG -->
</testsuite> <!-- chromeTest -->
