<?xml version="1.0" encoding="UTF-8"?>
<!-- Generated by org.testng.reporters.JUnitReportReporter -->
<testsuite hostname="DESKTOP-NIB4TL4" failures="1" tests="1" name="testNGSoftAssert.TestSoftAssert" time="19.596" errors="0" timestamp="2022-06-25T17:25:17 IST" skipped="0">
  <testcase classname="testNGSoftAssert.TestSoftAssert" name="myMethod" time="19.596">
    <failure message="The following asserts failed:
	assertNotEquals-Expected text and Actual text is Maching so TC failed did not expect [Welcome To Practice Page] but found [Welcome To Practice Page],
	Suggetion box is not null TC is failed expected [null] but found [[[ChromeDriver: chrome on WINDOWS (4827b39a288744b296b902bd327eed87)] -&gt; id: displayed-text]],
	Chack box is selected TC is failed expected [false] but found [true]" type="java.lang.AssertionError">
      <![CDATA[java.lang.AssertionError: The following asserts failed:
assertNotEquals-Expected text and Actual text is Maching so TC failed did not expect [Welcome To Practice Page] but found [Welcome To Practice Page],
Suggetion box is not null TC is failed expected [null] but found [[[ChromeDriver: chrome on WINDOWS (4827b39a288744b296b902bd327eed87)] -> id: displayed-text]],
Chack box is selected TC is failed expected [false] but found [true]
at org.testng.asserts.SoftAssert.assertAll(SoftAssert.java:47)
at org.testng.asserts.SoftAssert.assertAll(SoftAssert.java:31)
at testNGSoftAssert.TestSoftAssert.myMethod(TestSoftAssert.java:64)
at java.base/jdk.internal.reflect.NativeMethodAccessorImpl.invoke0(Native Method)
at java.base/jdk.internal.reflect.NativeMethodAccessorImpl.invoke(NativeMethodAccessorImpl.java:62)
at java.base/jdk.internal.reflect.DelegatingMethodAccessorImpl.invoke(DelegatingMethodAccessorImpl.java:43)
at java.base/java.lang.reflect.Method.invoke(Method.java:566)
at org.testng.internal.MethodInvocationHelper.invokeMethod(MethodInvocationHelper.java:133)
at org.testng.internal.TestInvoker.invokeMethod(TestInvoker.java:598)
at org.testng.internal.TestInvoker.invokeTestMethod(TestInvoker.java:173)
at org.testng.internal.MethodRunner.runInSequence(MethodRunner.java:46)
at org.testng.internal.TestInvoker$MethodInvocationAgent.invoke(TestInvoker.java:824)
at org.testng.internal.TestInvoker.invokeTestMethods(TestInvoker.java:146)
at org.testng.internal.TestMethodWorker.invokeTestMethods(TestMethodWorker.java:146)
at org.testng.internal.TestMethodWorker.run(TestMethodWorker.java:128)
at java.base/java.util.ArrayList.forEach(ArrayList.java:1541)
at org.testng.TestRunner.privateRun(TestRunner.java:794)
at org.testng.TestRunner.run(TestRunner.java:596)
at org.testng.SuiteRunner.runTest(SuiteRunner.java:377)
at org.testng.SuiteRunner.runSequentially(SuiteRunner.java:371)
at org.testng.SuiteRunner.privateRun(SuiteRunner.java:332)
at org.testng.SuiteRunner.run(SuiteRunner.java:276)
at org.testng.SuiteRunnerWorker.runSuite(SuiteRunnerWorker.java:53)
at org.testng.SuiteRunnerWorker.run(SuiteRunnerWorker.java:96)
at org.testng.TestNG.runSuitesSequentially(TestNG.java:1212)
at org.testng.TestNG.runSuitesLocally(TestNG.java:1134)
at org.testng.TestNG.runSuites(TestNG.java:1063)
at org.testng.TestNG.run(TestNG.java:1031)
at org.testng.remote.AbstractRemoteTestNG.run(AbstractRemoteTestNG.java:115)
at org.testng.remote.RemoteTestNG.initAndRun(RemoteTestNG.java:251)
at org.testng.remote.RemoteTestNG.main(RemoteTestNG.java:77)
]]>
    </failure>
  </testcase> <!-- myMethod -->
  <system-out>
    <![CDATA[assertequals-Expected is equal to Actual TC is Passed
assertNotEquals-Expected is not equal to Actual TC is Passed]]>
  </system-out>
</testsuite> <!-- testNGSoftAssert.TestSoftAssert -->
